<?xml version="1.0" encoding="UTF-8"?>
<!-- Generated by org.testng.reporters.JUnitReportReporter -->
<testsuite skipped="0" hostname="LAPTOP-PS7N2T8T" name="com.testleaf.testcases.TC004EditLead" tests="1" failures="0" timestamp="2022-07-03T18:51:36 IST" time="79.559" errors="0">
  <testcase name="runEditLead" time="79.559" classname="com.testleaf.testcases.TC004EditLead"/>
  <system-out/>
</testsuite> <!-- com.testleaf.testcases.TC004EditLead -->
