<?xml version="1.0" encoding="UTF-8"?>
<!-- Generated by org.testng.reporters.JUnitReportReporter -->
<testsuite skipped="1" hostname="LAPTOP-PS7N2T8T" name="com.testleaf.testcases.TC003DeleteLead" tests="2" failures="0" timestamp="2022-07-03T18:51:36 IST" time="36.552" errors="0">
  <testcase name="runDeleteLead" time="18.866" classname="com.testleaf.testcases.TC003DeleteLead">
    <skipped/>
  </testcase> <!-- runDeleteLead -->
  <system-out/>
  <testcase name="runDeleteLead" time="17.686" classname="com.testleaf.testcases.TC003DeleteLead"/>
  <system-out/>
</testsuite> <!-- com.testleaf.testcases.TC003DeleteLead -->
