<?xml version="1.0" encoding="UTF-8"?>
<!-- Generated by org.testng.reporters.JUnitReportReporter -->
<testsuite skipped="1" hostname="LAPTOP-PS7N2T8T" name="com.testleaf.testcases.TC006DuplicateLeads" tests="2" failures="0" timestamp="2022-07-03T18:51:36 IST" time="103.137" errors="0">
  <testcase name="runDuplicateLead" time="33.557" classname="com.testleaf.testcases.TC006DuplicateLeads">
    <skipped/>
  </testcase> <!-- runDuplicateLead -->
  <system-out/>
  <testcase name="runDuplicateLead" time="69.580" classname="com.testleaf.testcases.TC006DuplicateLeads"/>
  <system-out/>
</testsuite> <!-- com.testleaf.testcases.TC006DuplicateLeads -->
