<?xml version="1.0" encoding="UTF-8"?>
<!-- Generated by org.testng.reporters.JUnitReportReporter -->
<testsuite skipped="0" hostname="LAPTOP-PS7N2T8T" name="com.testleaf.testcases.TC001Login" tests="1" failures="0" timestamp="2022-07-03T18:51:36 IST" time="54.845" errors="0">
  <testcase name="runLogin" time="54.845" classname="com.testleaf.testcases.TC001Login"/>
  <system-out/>
</testsuite> <!-- com.testleaf.testcases.TC001Login -->
